Command line:
   CONTROLLER_tb_isim_beh.exe
     -simmode  gui
     -simrunnum  0
     -socket  55259

Mon Jan 13 12:48:03 2014


 Elaboration Time: 2.54282 sec

 Current Memory Usage: 1327.32 Meg

 Total Signals          : 19
 Total Nets             : 10
 Total Signal Drivers   : 10
 Total Blocks           : 3
 Total Primitive Blocks : 2
 Total Processes        : 3
 Total Traceable Variables  : 8
 Total Scalar Nets and Variables : 370
Total Line Count : 95

** Failure:Test OK
User(VHDL) Code Called Simulation Stop
In process CONTROLLER_tb.vhd:86 
 


 Total Simulation Time: 2.55842 sec

 Current Memory Usage: 1327.32 Meg

Mon Jan 13 12:48:06 2014

