Command line:
   TOP_tb_isim_beh.exe
     -simmode  gui
     -simrunnum  0
     -socket  52829

Mon Jan 13 22:04:33 2014


 Elaboration Time: 2.55842 sec

 Current Memory Usage: 1484.81 Meg

 Total Signals          : 70
 Total Nets             : 101
 Total Signal Drivers   : 27
 Total Blocks           : 14
 Total Primitive Blocks : 12
 Total Processes        : 21
 Total Traceable Variables  : 24
 Total Scalar Nets and Variables : 611
Total Line Count : 121

** Failure:TEST OK
User(VHDL) Code Called Simulation Stop
In process TOP_tb.vhd:stim_proc 
 


 Total Simulation Time: 2.57402 sec

 Current Memory Usage: 1484.81 Meg

Mon Jan 13 22:04:37 2014

